{"/home/brosselin/Intelli/FECAP/Projeto/backend-fecapay-main-TESTES/server.js": {"path":"/home/brosselin/Intelli/FECAP/Projeto/backend-fecapay-main-TESTES/server.js","statementMap":{"0":{"start":{"line":1,"column":16},"end":{"line":1,"column":34}},"1":{"start":{"line":2,"column":0},"end":{"line":2,"column":26}},"2":{"start":{"line":3,"column":13},"end":{"line":3,"column":28}},"3":{"start":{"line":4,"column":19},"end":{"line":4,"column":49}},"4":{"start":{"line":5,"column":22},"end":{"line":5,"column":55}},"5":{"start":{"line":6,"column":21},"end":{"line":6,"column":54}},"6":{"start":{"line":7,"column":23},"end":{"line":7,"column":57}},"7":{"start":{"line":9,"column":12},"end":{"line":9,"column":21}},"8":{"start":{"line":10,"column":13},"end":{"line":10,"column":37}},"9":{"start":{"line":12,"column":0},"end":{"line":12,"column":23}},"10":{"start":{"line":13,"column":0},"end":{"line":13,"column":15}},"11":{"start":{"line":15,"column":0},"end":{"line":15,"column":72}},"12":{"start":{"line":18,"column":0},"end":{"line":18,"column":20}},"13":{"start":{"line":21,"column":0},"end":{"line":27,"column":1}},"14":{"start":{"line":22,"column":17},"end":{"line":24,"column":4}},"15":{"start":{"line":23,"column":4},"end":{"line":23,"column":52}},"16":{"start":{"line":26,"column":2},"end":{"line":26,"column":25}}},"fnMap":{"0":{"name":"(anonymous_0)","decl":{"start":{"line":22,"column":34},"end":{"line":22,"column":35}},"loc":{"start":{"line":22,"column":40},"end":{"line":24,"column":3}},"line":22}},"branchMap":{"0":{"loc":{"start":{"line":10,"column":13},"end":{"line":10,"column":37}},"type":"binary-expr","locations":[{"start":{"line":10,"column":13},"end":{"line":10,"column":29}},{"start":{"line":10,"column":33},"end":{"line":10,"column":37}}],"line":10},"1":{"loc":{"start":{"line":21,"column":0},"end":{"line":27,"column":1}},"type":"if","locations":[{"start":{"line":21,"column":0},"end":{"line":27,"column":1}},{"start":{},"end":{}}],"line":21}},"s":{"0":5,"1":5,"2":5,"3":5,"4":5,"5":5,"6":5,"7":5,"8":5,"9":5,"10":5,"11":5,"12":5,"13":5,"14":0,"15":0,"16":0},"f":{"0":0},"b":{"0":[5,0],"1":[0,5]},"_coverageSchema":"1a1c01bbd47fc00a2c39e90264f33305004495a9","hash":"45bc8c63b610d6a4cc2a670b014475db3daa3adc"}
,"/home/brosselin/Intelli/FECAP/Projeto/backend-fecapay-main-TESTES/controllers/authController.js": {"path":"/home/brosselin/Intelli/FECAP/Projeto/backend-fecapay-main-TESTES/controllers/authController.js","statementMap":{"0":{"start":{"line":1,"column":15},"end":{"line":1,"column":32}},"1":{"start":{"line":2,"column":18},"end":{"line":2,"column":40}},"2":{"start":{"line":4,"column":0},"end":{"line":35,"column":1}},"3":{"start":{"line":5,"column":25},"end":{"line":5,"column":33}},"4":{"start":{"line":7,"column":4},"end":{"line":34,"column":6}},"5":{"start":{"line":8,"column":8},"end":{"line":10,"column":9}},"6":{"start":{"line":9,"column":12},"end":{"line":9,"column":71}},"7":{"start":{"line":11,"column":8},"end":{"line":33,"column":9}},"8":{"start":{"line":12,"column":12},"end":{"line":30,"column":14}},"9":{"start":{"line":13,"column":16},"end":{"line":15,"column":17}},"10":{"start":{"line":14,"column":20},"end":{"line":14,"column":85}},"11":{"start":{"line":17,"column":29},"end":{"line":17,"column":43}},"12":{"start":{"line":19,"column":16},"end":{"line":29,"column":17}},"13":{"start":{"line":20,"column":20},"end":{"line":26,"column":22}},"14":{"start":{"line":28,"column":20},"end":{"line":28,"column":78}},"15":{"start":{"line":32,"column":12},"end":{"line":32,"column":75}}},"fnMap":{"0":{"name":"(anonymous_0)","decl":{"start":{"line":4,"column":20},"end":{"line":4,"column":21}},"loc":{"start":{"line":4,"column":33},"end":{"line":35,"column":1}},"line":4},"1":{"name":"(anonymous_1)","decl":{"start":{"line":7,"column":66},"end":{"line":7,"column":67}},"loc":{"start":{"line":7,"column":85},"end":{"line":34,"column":5}},"line":7},"2":{"name":"(anonymous_2)","decl":{"start":{"line":12,"column":56},"end":{"line":12,"column":57}},"loc":{"start":{"line":12,"column":73},"end":{"line":30,"column":13}},"line":12}},"branchMap":{"0":{"loc":{"start":{"line":8,"column":8},"end":{"line":10,"column":9}},"type":"if","locations":[{"start":{"line":8,"column":8},"end":{"line":10,"column":9}},{"start":{},"end":{}}],"line":8},"1":{"loc":{"start":{"line":11,"column":8},"end":{"line":33,"column":9}},"type":"if","locations":[{"start":{"line":11,"column":8},"end":{"line":33,"column":9}},{"start":{"line":31,"column":13},"end":{"line":33,"column":9}}],"line":11},"2":{"loc":{"start":{"line":13,"column":16},"end":{"line":15,"column":17}},"type":"if","locations":[{"start":{"line":13,"column":16},"end":{"line":15,"column":17}},{"start":{},"end":{}}],"line":13},"3":{"loc":{"start":{"line":19,"column":16},"end":{"line":29,"column":17}},"type":"if","locations":[{"start":{"line":19,"column":16},"end":{"line":29,"column":17}},{"start":{"line":27,"column":21},"end":{"line":29,"column":17}}],"line":19}},"s":{"0":5,"1":5,"2":5,"3":5,"4":5,"5":5,"6":1,"7":4,"8":3,"9":3,"10":0,"11":3,"12":3,"13":2,"14":1,"15":1},"f":{"0":5,"1":5,"2":3},"b":{"0":[1,4],"1":[3,1],"2":[0,3],"3":[2,1]},"_coverageSchema":"1a1c01bbd47fc00a2c39e90264f33305004495a9","hash":"286ebc69737169843f67363a8ec1b23e00d21c30"}
,"/home/brosselin/Intelli/FECAP/Projeto/backend-fecapay-main-TESTES/controllers/balanceController.js": {"path":"/home/brosselin/Intelli/FECAP/Projeto/backend-fecapay-main-TESTES/controllers/balanceController.js","statementMap":{"0":{"start":{"line":1,"column":18},"end":{"line":1,"column":40}},"1":{"start":{"line":2,"column":20},"end":{"line":2,"column":57}},"2":{"start":{"line":4,"column":0},"end":{"line":21,"column":1}},"3":{"start":{"line":5,"column":15},"end":{"line":5,"column":28}},"4":{"start":{"line":7,"column":4},"end":{"line":20,"column":5}},"5":{"start":{"line":8,"column":23},"end":{"line":8,"column":110}},"6":{"start":{"line":10,"column":8},"end":{"line":14,"column":9}},"7":{"start":{"line":11,"column":12},"end":{"line":13,"column":14}},"8":{"start":{"line":15,"column":8},"end":{"line":15,"column":51}},"9":{"start":{"line":18,"column":8},"end":{"line":18,"column":28}},"10":{"start":{"line":19,"column":8},"end":{"line":19,"column":84}},"11":{"start":{"line":23,"column":0},"end":{"line":45,"column":1}},"12":{"start":{"line":24,"column":15},"end":{"line":24,"column":28}},"13":{"start":{"line":25,"column":20},"end":{"line":25,"column":28}},"14":{"start":{"line":27,"column":4},"end":{"line":29,"column":5}},"15":{"start":{"line":28,"column":8},"end":{"line":28,"column":71}},"16":{"start":{"line":30,"column":4},"end":{"line":43,"column":5}},"17":{"start":{"line":31,"column":27},"end":{"line":31,"column":61}},"18":{"start":{"line":32,"column":8},"end":{"line":34,"column":9}},"19":{"start":{"line":33,"column":12},"end":{"line":33,"column":77}},"20":{"start":{"line":35,"column":26},"end":{"line":35,"column":68}},"21":{"start":{"line":37,"column":8},"end":{"line":37,"column":55}},"22":{"start":{"line":39,"column":8},"end":{"line":39,"column":90}},"23":{"start":{"line":41,"column":8},"end":{"line":41,"column":56}},"24":{"start":{"line":42,"column":8},"end":{"line":42,"column":63}}},"fnMap":{"0":{"name":"(anonymous_0)","decl":{"start":{"line":4,"column":21},"end":{"line":4,"column":22}},"loc":{"start":{"line":4,"column":40},"end":{"line":21,"column":1}},"line":4},"1":{"name":"(anonymous_1)","decl":{"start":{"line":23,"column":21},"end":{"line":23,"column":22}},"loc":{"start":{"line":23,"column":40},"end":{"line":45,"column":1}},"line":23}},"branchMap":{"0":{"loc":{"start":{"line":10,"column":8},"end":{"line":14,"column":9}},"type":"if","locations":[{"start":{"line":10,"column":8},"end":{"line":14,"column":9}},{"start":{},"end":{}}],"line":10},"1":{"loc":{"start":{"line":27,"column":4},"end":{"line":29,"column":5}},"type":"if","locations":[{"start":{"line":27,"column":4},"end":{"line":29,"column":5}},{"start":{},"end":{}}],"line":27},"2":{"loc":{"start":{"line":27,"column":7},"end":{"line":27,"column":61}},"type":"binary-expr","locations":[{"start":{"line":27,"column":7},"end":{"line":27,"column":10}},{"start":{"line":27,"column":14},"end":{"line":27,"column":20}},{"start":{"line":27,"column":24},"end":{"line":27,"column":36}},{"start":{"line":27,"column":40},"end":{"line":27,"column":61}}],"line":27},"3":{"loc":{"start":{"line":32,"column":8},"end":{"line":34,"column":9}},"type":"if","locations":[{"start":{"line":32,"column":8},"end":{"line":34,"column":9}},{"start":{},"end":{}}],"line":32}},"s":{"0":5,"1":5,"2":5,"3":3,"4":3,"5":3,"6":3,"7":1,"8":2,"9":0,"10":0,"11":5,"12":6,"13":6,"14":6,"15":3,"16":3,"17":3,"18":3,"19":1,"20":2,"21":2,"22":2,"23":0,"24":0},"f":{"0":3,"1":6},"b":{"0":[1,2],"1":[3,3],"2":[6,6,5,4],"3":[1,2]},"_coverageSchema":"1a1c01bbd47fc00a2c39e90264f33305004495a9","hash":"0e93160dd88f184b4ef4607de46eb0167995f647"}
,"/home/brosselin/Intelli/FECAP/Projeto/backend-fecapay-main-TESTES/controllers/boletosController.js": {"path":"/home/brosselin/Intelli/FECAP/Projeto/backend-fecapay-main-TESTES/controllers/boletosController.js","statementMap":{"0":{"start":{"line":1,"column":18},"end":{"line":1,"column":40}},"1":{"start":{"line":2,"column":22},"end":{"line":2,"column":61}},"2":{"start":{"line":3,"column":20},"end":{"line":3,"column":57}},"3":{"start":{"line":5,"column":0},"end":{"line":20,"column":1}},"4":{"start":{"line":6,"column":15},"end":{"line":6,"column":28}},"5":{"start":{"line":8,"column":4},"end":{"line":19,"column":5}},"6":{"start":{"line":9,"column":23},"end":{"line":9,"column":105}},"7":{"start":{"line":11,"column":8},"end":{"line":13,"column":9}},"8":{"start":{"line":12,"column":12},"end":{"line":12,"column":76}},"9":{"start":{"line":14,"column":8},"end":{"line":14,"column":48}},"10":{"start":{"line":17,"column":8},"end":{"line":17,"column":28}},"11":{"start":{"line":18,"column":8},"end":{"line":18,"column":85}},"12":{"start":{"line":24,"column":0},"end":{"line":57,"column":1}},"13":{"start":{"line":25,"column":30},"end":{"line":25,"column":40}},"14":{"start":{"line":27,"column":4},"end":{"line":29,"column":5}},"15":{"start":{"line":28,"column":8},"end":{"line":28,"column":72}},"16":{"start":{"line":31,"column":4},"end":{"line":56,"column":5}},"17":{"start":{"line":32,"column":23},"end":{"line":32,"column":73}},"18":{"start":{"line":33,"column":27},"end":{"line":33,"column":61}},"19":{"start":{"line":35,"column":8},"end":{"line":37,"column":9}},"20":{"start":{"line":36,"column":12},"end":{"line":36,"column":77}},"21":{"start":{"line":39,"column":8},"end":{"line":41,"column":9}},"22":{"start":{"line":40,"column":12},"end":{"line":40,"column":74}},"23":{"start":{"line":43,"column":8},"end":{"line":45,"column":9}},"24":{"start":{"line":44,"column":12},"end":{"line":44,"column":74}},"25":{"start":{"line":47,"column":26},"end":{"line":47,"column":75}},"26":{"start":{"line":49,"column":8},"end":{"line":49,"column":60}},"27":{"start":{"line":50,"column":8},"end":{"line":50,"column":55}},"28":{"start":{"line":52,"column":8},"end":{"line":52,"column":87}},"29":{"start":{"line":54,"column":8},"end":{"line":54,"column":53}},"30":{"start":{"line":55,"column":8},"end":{"line":55,"column":87}}},"fnMap":{"0":{"name":"(anonymous_0)","decl":{"start":{"line":5,"column":21},"end":{"line":5,"column":22}},"loc":{"start":{"line":5,"column":39},"end":{"line":20,"column":1}},"line":5},"1":{"name":"(anonymous_1)","decl":{"start":{"line":24,"column":22},"end":{"line":24,"column":23}},"loc":{"start":{"line":24,"column":42},"end":{"line":57,"column":1}},"line":24}},"branchMap":{"0":{"loc":{"start":{"line":11,"column":8},"end":{"line":13,"column":9}},"type":"if","locations":[{"start":{"line":11,"column":8},"end":{"line":13,"column":9}},{"start":{},"end":{}}],"line":11},"1":{"loc":{"start":{"line":27,"column":4},"end":{"line":29,"column":5}},"type":"if","locations":[{"start":{"line":27,"column":4},"end":{"line":29,"column":5}},{"start":{},"end":{}}],"line":27},"2":{"loc":{"start":{"line":27,"column":8},"end":{"line":27,"column":25}},"type":"binary-expr","locations":[{"start":{"line":27,"column":8},"end":{"line":27,"column":18}},{"start":{"line":27,"column":22},"end":{"line":27,"column":25}}],"line":27},"3":{"loc":{"start":{"line":35,"column":8},"end":{"line":37,"column":9}},"type":"if","locations":[{"start":{"line":35,"column":8},"end":{"line":37,"column":9}},{"start":{},"end":{}}],"line":35},"4":{"loc":{"start":{"line":39,"column":8},"end":{"line":41,"column":9}},"type":"if","locations":[{"start":{"line":39,"column":8},"end":{"line":41,"column":9}},{"start":{},"end":{}}],"line":39},"5":{"loc":{"start":{"line":43,"column":8},"end":{"line":45,"column":9}},"type":"if","locations":[{"start":{"line":43,"column":8},"end":{"line":45,"column":9}},{"start":{},"end":{}}],"line":43}},"s":{"0":5,"1":5,"2":5,"3":5,"4":3,"5":3,"6":3,"7":3,"8":1,"9":2,"10":0,"11":0,"12":5,"13":3,"14":3,"15":0,"16":3,"17":3,"18":3,"19":3,"20":0,"21":3,"22":1,"23":2,"24":1,"25":1,"26":1,"27":1,"28":1,"29":0,"30":0},"f":{"0":3,"1":3},"b":{"0":[1,2],"1":[0,3],"2":[3,3],"3":[0,3],"4":[1,2],"5":[1,1]},"_coverageSchema":"1a1c01bbd47fc00a2c39e90264f33305004495a9","hash":"23c474a849757e42f3a90b00a8200affaebbb0b6"}
,"/home/brosselin/Intelli/FECAP/Projeto/backend-fecapay-main-TESTES/controllers/produtosController.js": {"path":"/home/brosselin/Intelli/FECAP/Projeto/backend-fecapay-main-TESTES/controllers/produtosController.js","statementMap":{"0":{"start":{"line":1,"column":18},"end":{"line":1,"column":40}},"1":{"start":{"line":2,"column":23},"end":{"line":2,"column":64}},"2":{"start":{"line":4,"column":0},"end":{"line":23,"column":1}},"3":{"start":{"line":5,"column":19},"end":{"line":5,"column":29}},"4":{"start":{"line":7,"column":4},"end":{"line":9,"column":5}},"5":{"start":{"line":8,"column":8},"end":{"line":8,"column":71}},"6":{"start":{"line":11,"column":4},"end":{"line":22,"column":5}},"7":{"start":{"line":12,"column":22},"end":{"line":12,"column":60}},"8":{"start":{"line":13,"column":8},"end":{"line":15,"column":9}},"9":{"start":{"line":14,"column":12},"end":{"line":14,"column":105}},"10":{"start":{"line":17,"column":8},"end":{"line":17,"column":57}},"11":{"start":{"line":20,"column":8},"end":{"line":20,"column":56}},"12":{"start":{"line":21,"column":8},"end":{"line":21,"column":78}}},"fnMap":{"0":{"name":"(anonymous_0)","decl":{"start":{"line":4,"column":31},"end":{"line":4,"column":32}},"loc":{"start":{"line":4,"column":49},"end":{"line":23,"column":1}},"line":4}},"branchMap":{"0":{"loc":{"start":{"line":7,"column":4},"end":{"line":9,"column":5}},"type":"if","locations":[{"start":{"line":7,"column":4},"end":{"line":9,"column":5}},{"start":{},"end":{}}],"line":7},"1":{"loc":{"start":{"line":13,"column":8},"end":{"line":15,"column":9}},"type":"if","locations":[{"start":{"line":13,"column":8},"end":{"line":15,"column":9}},{"start":{},"end":{}}],"line":13},"2":{"loc":{"start":{"line":13,"column":12},"end":{"line":13,"column":40}},"type":"binary-expr","locations":[{"start":{"line":13,"column":12},"end":{"line":13,"column":18}},{"start":{"line":13,"column":22},"end":{"line":13,"column":40}}],"line":13}},"s":{"0":5,"1":5,"2":5,"3":0,"4":0,"5":0,"6":0,"7":0,"8":0,"9":0,"10":0,"11":0,"12":0},"f":{"0":0},"b":{"0":[0,0],"1":[0,0],"2":[0,0]},"_coverageSchema":"1a1c01bbd47fc00a2c39e90264f33305004495a9","hash":"01cd2d203114d74cc3064a260682ed73b92cbe23"}
,"/home/brosselin/Intelli/FECAP/Projeto/backend-fecapay-main-TESTES/controllers/userController.js": {"path":"/home/brosselin/Intelli/FECAP/Projeto/backend-fecapay-main-TESTES/controllers/userController.js","statementMap":{"0":{"start":{"line":1,"column":18},"end":{"line":1,"column":40}},"1":{"start":{"line":2,"column":13},"end":{"line":2,"column":38}},"2":{"start":{"line":3,"column":15},"end":{"line":3,"column":32}},"3":{"start":{"line":4,"column":25},"end":{"line":4,"column":61}},"4":{"start":{"line":7,"column":19},"end":{"line":7,"column":21}},"5":{"start":{"line":9,"column":0},"end":{"line":36,"column":1}},"6":{"start":{"line":10,"column":48},"end":{"line":10,"column":56}},"7":{"start":{"line":12,"column":4},"end":{"line":35,"column":5}},"8":{"start":{"line":13,"column":23},"end":{"line":13,"column":111}},"9":{"start":{"line":15,"column":8},"end":{"line":17,"column":9}},"10":{"start":{"line":16,"column":12},"end":{"line":16,"column":75}},"11":{"start":{"line":19,"column":21},"end":{"line":19,"column":57}},"12":{"start":{"line":21,"column":21},"end":{"line":21,"column":63}},"13":{"start":{"line":22,"column":8},"end":{"line":22,"column":76}},"14":{"start":{"line":24,"column":8},"end":{"line":29,"column":9}},"15":{"start":{"line":25,"column":12},"end":{"line":25,"column":34}},"16":{"start":{"line":27,"column":12},"end":{"line":27,"column":58}},"17":{"start":{"line":28,"column":12},"end":{"line":28,"column":81}},"18":{"start":{"line":31,"column":8},"end":{"line":31,"column":79}},"19":{"start":{"line":33,"column":8},"end":{"line":33,"column":28}},"20":{"start":{"line":34,"column":8},"end":{"line":34,"column":63}},"21":{"start":{"line":38,"column":0},"end":{"line":61,"column":1}},"22":{"start":{"line":39,"column":17},"end":{"line":39,"column":27}},"23":{"start":{"line":40,"column":36},"end":{"line":40,"column":44}},"24":{"start":{"line":42,"column":4},"end":{"line":59,"column":6}},"25":{"start":{"line":43,"column":8},"end":{"line":45,"column":9}},"26":{"start":{"line":44,"column":12},"end":{"line":44,"column":77}},"27":{"start":{"line":46,"column":8},"end":{"line":58,"column":10}},"28":{"start":{"line":47,"column":12},"end":{"line":49,"column":13}},"29":{"start":{"line":48,"column":16},"end":{"line":48,"column":73}},"30":{"start":{"line":51,"column":25},"end":{"line":51,"column":63}},"31":{"start":{"line":52,"column":12},"end":{"line":57,"column":14}},"32":{"start":{"line":53,"column":16},"end":{"line":55,"column":17}},"33":{"start":{"line":54,"column":20},"end":{"line":54,"column":84}},"34":{"start":{"line":56,"column":16},"end":{"line":56,"column":85}},"35":{"start":{"line":63,"column":0},"end":{"line":72,"column":1}},"36":{"start":{"line":64,"column":21},"end":{"line":64,"column":45}},"37":{"start":{"line":65,"column":4},"end":{"line":71,"column":6}},"38":{"start":{"line":66,"column":8},"end":{"line":69,"column":9}},"39":{"start":{"line":67,"column":12},"end":{"line":67,"column":70}},"40":{"start":{"line":68,"column":12},"end":{"line":68,"column":18}},"41":{"start":{"line":70,"column":8},"end":{"line":70,"column":24}},"42":{"start":{"line":74,"column":0},"end":{"line":87,"column":1}},"43":{"start":{"line":75,"column":19},"end":{"line":75,"column":29}},"44":{"start":{"line":77,"column":4},"end":{"line":86,"column":6}},"45":{"start":{"line":78,"column":8},"end":{"line":80,"column":9}},"46":{"start":{"line":79,"column":12},"end":{"line":79,"column":70}},"47":{"start":{"line":81,"column":8},"end":{"line":85,"column":9}},"48":{"start":{"line":82,"column":12},"end":{"line":82,"column":55}},"49":{"start":{"line":84,"column":12},"end":{"line":84,"column":76}},"50":{"start":{"line":90,"column":0},"end":{"line":106,"column":1}},"51":{"start":{"line":91,"column":17},"end":{"line":91,"column":27}},"52":{"start":{"line":93,"column":4},"end":{"line":105,"column":6}},"53":{"start":{"line":94,"column":8},"end":{"line":96,"column":9}},"54":{"start":{"line":95,"column":12},"end":{"line":95,"column":70}},"55":{"start":{"line":97,"column":8},"end":{"line":99,"column":9}},"56":{"start":{"line":98,"column":12},"end":{"line":98,"column":75}},"57":{"start":{"line":100,"column":8},"end":{"line":103,"column":10}}},"fnMap":{"0":{"name":"(anonymous_0)","decl":{"start":{"line":9,"column":21},"end":{"line":9,"column":22}},"loc":{"start":{"line":9,"column":41},"end":{"line":36,"column":1}},"line":9},"1":{"name":"(anonymous_1)","decl":{"start":{"line":38,"column":29},"end":{"line":38,"column":30}},"loc":{"start":{"line":38,"column":43},"end":{"line":61,"column":1}},"line":38},"2":{"name":"(anonymous_2)","decl":{"start":{"line":42,"column":69},"end":{"line":42,"column":70}},"loc":{"start":{"line":42,"column":87},"end":{"line":59,"column":5}},"line":42},"3":{"name":"(anonymous_3)","decl":{"start":{"line":46,"column":57},"end":{"line":46,"column":58}},"loc":{"start":{"line":46,"column":74},"end":{"line":58,"column":9}},"line":46},"4":{"name":"(anonymous_4)","decl":{"start":{"line":52,"column":88},"end":{"line":52,"column":89}},"loc":{"start":{"line":52,"column":98},"end":{"line":57,"column":13}},"line":52},"5":{"name":"(anonymous_5)","decl":{"start":{"line":63,"column":19},"end":{"line":63,"column":20}},"loc":{"start":{"line":63,"column":33},"end":{"line":72,"column":1}},"line":63},"6":{"name":"(anonymous_6)","decl":{"start":{"line":65,"column":30},"end":{"line":65,"column":31}},"loc":{"start":{"line":65,"column":48},"end":{"line":71,"column":5}},"line":65},"7":{"name":"(anonymous_7)","decl":{"start":{"line":74,"column":22},"end":{"line":74,"column":23}},"loc":{"start":{"line":74,"column":35},"end":{"line":87,"column":1}},"line":74},"8":{"name":"(anonymous_8)","decl":{"start":{"line":77,"column":66},"end":{"line":77,"column":67}},"loc":{"start":{"line":77,"column":84},"end":{"line":86,"column":5}},"line":77},"9":{"name":"(anonymous_9)","decl":{"start":{"line":90,"column":21},"end":{"line":90,"column":22}},"loc":{"start":{"line":90,"column":35},"end":{"line":106,"column":1}},"line":90},"10":{"name":"(anonymous_10)","decl":{"start":{"line":93,"column":76},"end":{"line":93,"column":77}},"loc":{"start":{"line":93,"column":94},"end":{"line":105,"column":5}},"line":93}},"branchMap":{"0":{"loc":{"start":{"line":15,"column":8},"end":{"line":17,"column":9}},"type":"if","locations":[{"start":{"line":15,"column":8},"end":{"line":17,"column":9}},{"start":{},"end":{}}],"line":15},"1":{"loc":{"start":{"line":43,"column":8},"end":{"line":45,"column":9}},"type":"if","locations":[{"start":{"line":43,"column":8},"end":{"line":45,"column":9}},{"start":{},"end":{}}],"line":43},"2":{"loc":{"start":{"line":43,"column":11},"end":{"line":43,"column":44}},"type":"binary-expr","locations":[{"start":{"line":43,"column":11},"end":{"line":43,"column":16}},{"start":{"line":43,"column":20},"end":{"line":43,"column":44}}],"line":43},"3":{"loc":{"start":{"line":47,"column":12},"end":{"line":49,"column":13}},"type":"if","locations":[{"start":{"line":47,"column":12},"end":{"line":49,"column":13}},{"start":{},"end":{}}],"line":47},"4":{"loc":{"start":{"line":53,"column":16},"end":{"line":55,"column":17}},"type":"if","locations":[{"start":{"line":53,"column":16},"end":{"line":55,"column":17}},{"start":{},"end":{}}],"line":53},"5":{"loc":{"start":{"line":66,"column":8},"end":{"line":69,"column":9}},"type":"if","locations":[{"start":{"line":66,"column":8},"end":{"line":69,"column":9}},{"start":{},"end":{}}],"line":66},"6":{"loc":{"start":{"line":78,"column":8},"end":{"line":80,"column":9}},"type":"if","locations":[{"start":{"line":78,"column":8},"end":{"line":80,"column":9}},{"start":{},"end":{}}],"line":78},"7":{"loc":{"start":{"line":81,"column":8},"end":{"line":85,"column":9}},"type":"if","locations":[{"start":{"line":81,"column":8},"end":{"line":85,"column":9}},{"start":{"line":83,"column":13},"end":{"line":85,"column":9}}],"line":81},"8":{"loc":{"start":{"line":94,"column":8},"end":{"line":96,"column":9}},"type":"if","locations":[{"start":{"line":94,"column":8},"end":{"line":96,"column":9}},{"start":{},"end":{}}],"line":94},"9":{"loc":{"start":{"line":97,"column":8},"end":{"line":99,"column":9}},"type":"if","locations":[{"start":{"line":97,"column":8},"end":{"line":99,"column":9}},{"start":{},"end":{}}],"line":97}},"s":{"0":5,"1":5,"2":5,"3":5,"4":5,"5":5,"6":5,"7":5,"8":5,"9":5,"10":2,"11":3,"12":3,"13":3,"14":3,"15":3,"16":0,"17":0,"18":3,"19":0,"20":0,"21":5,"22":3,"23":3,"24":3,"25":3,"26":1,"27":2,"28":2,"29":1,"30":1,"31":1,"32":1,"33":0,"34":1,"35":5,"36":1,"37":1,"38":1,"39":0,"40":0,"41":1,"42":5,"43":2,"44":2,"45":2,"46":0,"47":2,"48":1,"49":1,"50":5,"51":2,"52":2,"53":2,"54":0,"55":2,"56":1,"57":1},"f":{"0":5,"1":3,"2":3,"3":2,"4":1,"5":1,"6":1,"7":2,"8":2,"9":2,"10":2},"b":{"0":[2,3],"1":[1,2],"2":[3,3],"3":[1,1],"4":[0,1],"5":[0,1],"6":[0,2],"7":[1,1],"8":[0,2],"9":[1,1]},"_coverageSchema":"1a1c01bbd47fc00a2c39e90264f33305004495a9","hash":"d2c31be2c37a0c68e4b56a0618c5b3dc9c58cdc8"}
,"/home/brosselin/Intelli/FECAP/Projeto/backend-fecapay-main-TESTES/db/db.js": {"path":"/home/brosselin/Intelli/FECAP/Projeto/backend-fecapay-main-TESTES/db/db.js","statementMap":{"0":{"start":{"line":1,"column":0},"end":{"line":1,"column":27}},"1":{"start":{"line":2,"column":17},"end":{"line":2,"column":30}},"2":{"start":{"line":4,"column":18},"end":{"line":11,"column":2}},"3":{"start":{"line":13,"column":0},"end":{"line":15,"column":63}},"4":{"start":{"line":14,"column":16},"end":{"line":14,"column":59}},"5":{"start":{"line":15,"column":20},"end":{"line":15,"column":61}},"6":{"start":{"line":17,"column":0},"end":{"line":17,"column":27}}},"fnMap":{"0":{"name":"(anonymous_0)","decl":{"start":{"line":14,"column":10},"end":{"line":14,"column":11}},"loc":{"start":{"line":14,"column":16},"end":{"line":14,"column":59}},"line":14},"1":{"name":"(anonymous_1)","decl":{"start":{"line":15,"column":11},"end":{"line":15,"column":12}},"loc":{"start":{"line":15,"column":20},"end":{"line":15,"column":61}},"line":15}},"branchMap":{"0":{"loc":{"start":{"line":9,"column":10},"end":{"line":9,"column":37}},"type":"binary-expr","locations":[{"start":{"line":9,"column":10},"end":{"line":9,"column":29}},{"start":{"line":9,"column":33},"end":{"line":9,"column":37}}],"line":9}},"s":{"0":5,"1":5,"2":5,"3":5,"4":5,"5":0,"6":5},"f":{"0":5,"1":0},"b":{"0":[5,0]},"_coverageSchema":"1a1c01bbd47fc00a2c39e90264f33305004495a9","hash":"0d019ad629dc3c236979ec5e792b0e395f3593f0"}
,"/home/brosselin/Intelli/FECAP/Projeto/backend-fecapay-main-TESTES/models/Boletos.js": {"path":"/home/brosselin/Intelli/FECAP/Projeto/backend-fecapay-main-TESTES/models/Boletos.js","statementMap":{"0":{"start":{"line":3,"column":8},"end":{"line":3,"column":32}},"1":{"start":{"line":4,"column":8},"end":{"line":4,"column":26}},"2":{"start":{"line":5,"column":8},"end":{"line":5,"column":28}},"3":{"start":{"line":6,"column":8},"end":{"line":6,"column":38}},"4":{"start":{"line":7,"column":8},"end":{"line":7,"column":36}},"5":{"start":{"line":8,"column":8},"end":{"line":8,"column":28}},"6":{"start":{"line":12,"column":8},"end":{"line":13,"column":9}},"7":{"start":{"line":17,"column":8},"end":{"line":24,"column":9}},"8":{"start":{"line":28,"column":0},"end":{"line":28,"column":23}}},"fnMap":{"0":{"name":"(anonymous_0)","decl":{"start":{"line":2,"column":4},"end":{"line":2,"column":5}},"loc":{"start":{"line":2,"column":73},"end":{"line":9,"column":5}},"line":2},"1":{"name":"(anonymous_1)","decl":{"start":{"line":11,"column":4},"end":{"line":11,"column":5}},"loc":{"start":{"line":11,"column":20},"end":{"line":14,"column":5}},"line":11},"2":{"name":"(anonymous_2)","decl":{"start":{"line":16,"column":4},"end":{"line":16,"column":5}},"loc":{"start":{"line":16,"column":21},"end":{"line":25,"column":5}},"line":16}},"branchMap":{},"s":{"0":48,"1":48,"2":48,"3":48,"4":48,"5":48,"6":0,"7":48,"8":5},"f":{"0":48,"1":0,"2":48},"b":{},"_coverageSchema":"1a1c01bbd47fc00a2c39e90264f33305004495a9","hash":"2add8a0b57efef623231264924736482ed8d0608"}
,"/home/brosselin/Intelli/FECAP/Projeto/backend-fecapay-main-TESTES/models/User.js": {"path":"/home/brosselin/Intelli/FECAP/Projeto/backend-fecapay-main-TESTES/models/User.js","statementMap":{"0":{"start":{"line":3,"column":8},"end":{"line":3,"column":24}},"1":{"start":{"line":4,"column":8},"end":{"line":4,"column":34}},"2":{"start":{"line":5,"column":8},"end":{"line":5,"column":20}},"3":{"start":{"line":6,"column":8},"end":{"line":6,"column":26}},"4":{"start":{"line":7,"column":8},"end":{"line":7,"column":26}},"5":{"start":{"line":11,"column":8},"end":{"line":11,"column":24}},"6":{"start":{"line":14,"column":8},"end":{"line":14,"column":29}},"7":{"start":{"line":17,"column":8},"end":{"line":17,"column":22}},"8":{"start":{"line":20,"column":8},"end":{"line":20,"column":25}},"9":{"start":{"line":23,"column":8},"end":{"line":23,"column":25}},"10":{"start":{"line":27,"column":8},"end":{"line":30,"column":9}},"11":{"start":{"line":33,"column":8},"end":{"line":39,"column":9}},"12":{"start":{"line":47,"column":0},"end":{"line":47,"column":21}}},"fnMap":{"0":{"name":"(anonymous_0)","decl":{"start":{"line":2,"column":4},"end":{"line":2,"column":5}},"loc":{"start":{"line":2,"column":50},"end":{"line":8,"column":5}},"line":2},"1":{"name":"(anonymous_1)","decl":{"start":{"line":10,"column":4},"end":{"line":10,"column":5}},"loc":{"start":{"line":10,"column":13},"end":{"line":12,"column":5}},"line":10},"2":{"name":"(anonymous_2)","decl":{"start":{"line":13,"column":4},"end":{"line":13,"column":5}},"loc":{"start":{"line":13,"column":18},"end":{"line":15,"column":5}},"line":13},"3":{"name":"(anonymous_3)","decl":{"start":{"line":16,"column":4},"end":{"line":16,"column":5}},"loc":{"start":{"line":16,"column":11},"end":{"line":18,"column":5}},"line":16},"4":{"name":"(anonymous_4)","decl":{"start":{"line":19,"column":4},"end":{"line":19,"column":5}},"loc":{"start":{"line":19,"column":14},"end":{"line":21,"column":5}},"line":19},"5":{"name":"(anonymous_5)","decl":{"start":{"line":22,"column":4},"end":{"line":22,"column":5}},"loc":{"start":{"line":22,"column":14},"end":{"line":24,"column":5}},"line":22},"6":{"name":"(anonymous_6)","decl":{"start":{"line":26,"column":4},"end":{"line":26,"column":5}},"loc":{"start":{"line":26,"column":20},"end":{"line":31,"column":5}},"line":26},"7":{"name":"(anonymous_7)","decl":{"start":{"line":32,"column":4},"end":{"line":32,"column":5}},"loc":{"start":{"line":32,"column":21},"end":{"line":41,"column":5}},"line":32}},"branchMap":{},"s":{"0":3,"1":3,"2":3,"3":3,"4":3,"5":0,"6":0,"7":0,"8":0,"9":0,"10":3,"11":3,"12":5},"f":{"0":3,"1":0,"2":0,"3":0,"4":0,"5":0,"6":3,"7":3},"b":{},"_coverageSchema":"1a1c01bbd47fc00a2c39e90264f33305004495a9","hash":"98fb4898f0f960594d0ad0e5926fb65b8c45bf4c"}
,"/home/brosselin/Intelli/FECAP/Projeto/backend-fecapay-main-TESTES/routes/balanceRoutes.js": {"path":"/home/brosselin/Intelli/FECAP/Projeto/backend-fecapay-main-TESTES/routes/balanceRoutes.js","statementMap":{"0":{"start":{"line":1,"column":16},"end":{"line":1,"column":34}},"1":{"start":{"line":2,"column":15},"end":{"line":2,"column":31}},"2":{"start":{"line":4,"column":33},"end":{"line":4,"column":79}},"3":{"start":{"line":6,"column":0},"end":{"line":6,"column":36}},"4":{"start":{"line":7,"column":0},"end":{"line":7,"column":47}},"5":{"start":{"line":9,"column":0},"end":{"line":9,"column":23}}},"fnMap":{},"branchMap":{},"s":{"0":5,"1":5,"2":5,"3":5,"4":5,"5":5},"f":{},"b":{},"_coverageSchema":"1a1c01bbd47fc00a2c39e90264f33305004495a9","hash":"939cdf80156ae60fb82df72ab80a5b6c39c61ae8"}
,"/home/brosselin/Intelli/FECAP/Projeto/backend-fecapay-main-TESTES/routes/boletosRoutes.js": {"path":"/home/brosselin/Intelli/FECAP/Projeto/backend-fecapay-main-TESTES/routes/boletosRoutes.js","statementMap":{"0":{"start":{"line":1,"column":16},"end":{"line":1,"column":34}},"1":{"start":{"line":2,"column":15},"end":{"line":2,"column":31}},"2":{"start":{"line":4,"column":34},"end":{"line":4,"column":77}},"3":{"start":{"line":6,"column":0},"end":{"line":6,"column":38}},"4":{"start":{"line":8,"column":0},"end":{"line":8,"column":58}},"5":{"start":{"line":10,"column":0},"end":{"line":10,"column":23}}},"fnMap":{},"branchMap":{},"s":{"0":5,"1":5,"2":5,"3":5,"4":5,"5":5},"f":{},"b":{},"_coverageSchema":"1a1c01bbd47fc00a2c39e90264f33305004495a9","hash":"e65952a737b5be7394c2916fed9bc76f9d3e39db"}
,"/home/brosselin/Intelli/FECAP/Projeto/backend-fecapay-main-TESTES/routes/produtosRoutes.js": {"path":"/home/brosselin/Intelli/FECAP/Projeto/backend-fecapay-main-TESTES/routes/produtosRoutes.js","statementMap":{"0":{"start":{"line":1,"column":16},"end":{"line":1,"column":34}},"1":{"start":{"line":2,"column":15},"end":{"line":2,"column":31}},"2":{"start":{"line":4,"column":31},"end":{"line":4,"column":75}},"3":{"start":{"line":6,"column":0},"end":{"line":6,"column":51}},"4":{"start":{"line":9,"column":0},"end":{"line":9,"column":23}}},"fnMap":{},"branchMap":{},"s":{"0":5,"1":5,"2":5,"3":5,"4":5},"f":{},"b":{},"_coverageSchema":"1a1c01bbd47fc00a2c39e90264f33305004495a9","hash":"d8f56ccf518c0edee58dd86b5fccfea7aa38f0aa"}
,"/home/brosselin/Intelli/FECAP/Projeto/backend-fecapay-main-TESTES/routes/userRoutes.js": {"path":"/home/brosselin/Intelli/FECAP/Projeto/backend-fecapay-main-TESTES/routes/userRoutes.js","statementMap":{"0":{"start":{"line":1,"column":16},"end":{"line":1,"column":34}},"1":{"start":{"line":2,"column":78},"end":{"line":2,"column":118}},"2":{"start":{"line":3,"column":22},"end":{"line":3,"column":62}},"3":{"start":{"line":4,"column":15},"end":{"line":4,"column":31}},"4":{"start":{"line":6,"column":0},"end":{"line":6,"column":36}},"5":{"start":{"line":7,"column":0},"end":{"line":7,"column":33}},"6":{"start":{"line":9,"column":0},"end":{"line":9,"column":54}},"7":{"start":{"line":12,"column":0},"end":{"line":12,"column":36}},"8":{"start":{"line":13,"column":0},"end":{"line":13,"column":30}},"9":{"start":{"line":15,"column":0},"end":{"line":15,"column":41}},"10":{"start":{"line":17,"column":0},"end":{"line":17,"column":23}}},"fnMap":{},"branchMap":{},"s":{"0":5,"1":5,"2":5,"3":5,"4":5,"5":5,"6":5,"7":5,"8":5,"9":5,"10":5},"f":{},"b":{},"_coverageSchema":"1a1c01bbd47fc00a2c39e90264f33305004495a9","hash":"1f270ac09ee84f944a080b8198dbc8ac7a324653"}
,"/home/brosselin/Intelli/FECAP/Projeto/backend-fecapay-main-TESTES/services/UserService.js": {"path":"/home/brosselin/Intelli/FECAP/Projeto/backend-fecapay-main-TESTES/services/UserService.js","statementMap":{"0":{"start":{"line":1,"column":19},"end":{"line":1,"column":41}},"1":{"start":{"line":3,"column":0},"end":{"line":8,"column":1}},"2":{"start":{"line":4,"column":19},"end":{"line":6,"column":5}},"3":{"start":{"line":7,"column":4},"end":{"line":7,"column":32}},"4":{"start":{"line":10,"column":0},"end":{"line":14,"column":1}},"5":{"start":{"line":11,"column":4},"end":{"line":13,"column":5}}},"fnMap":{"0":{"name":"(anonymous_0)","decl":{"start":{"line":3,"column":23},"end":{"line":3,"column":24}},"loc":{"start":{"line":3,"column":37},"end":{"line":8,"column":1}},"line":3},"1":{"name":"(anonymous_1)","decl":{"start":{"line":10,"column":25},"end":{"line":10,"column":26}},"loc":{"start":{"line":10,"column":50},"end":{"line":14,"column":1}},"line":10}},"branchMap":{},"s":{"0":5,"1":5,"2":6,"3":6,"4":5,"5":3},"f":{"0":6,"1":3},"b":{},"_coverageSchema":"1a1c01bbd47fc00a2c39e90264f33305004495a9","hash":"fd71726f4daf8a1a1a4264940ba57b978c8c21b7"}
,"/home/brosselin/Intelli/FECAP/Projeto/backend-fecapay-main-TESTES/services/boletoService.js": {"path":"/home/brosselin/Intelli/FECAP/Projeto/backend-fecapay-main-TESTES/services/boletoService.js","statementMap":{"0":{"start":{"line":1,"column":15},"end":{"line":1,"column":46}},"1":{"start":{"line":2,"column":19},"end":{"line":2,"column":41}},"2":{"start":{"line":4,"column":0},"end":{"line":40,"column":1}},"3":{"start":{"line":5,"column":4},"end":{"line":39,"column":5}},"4":{"start":{"line":6,"column":24},"end":{"line":6,"column":26}},"5":{"start":{"line":9,"column":8},"end":{"line":25,"column":9}},"6":{"start":{"line":9,"column":21},"end":{"line":9,"column":22}},"7":{"start":{"line":10,"column":26},"end":{"line":10,"column":66}},"8":{"start":{"line":11,"column":32},"end":{"line":11,"column":53}},"9":{"start":{"line":12,"column":27},"end":{"line":12,"column":61}},"10":{"start":{"line":13,"column":31},"end":{"line":13,"column":52}},"11":{"start":{"line":14,"column":12},"end":{"line":14,"column":57}},"12":{"start":{"line":16,"column":27},"end":{"line":23,"column":13}},"13":{"start":{"line":24,"column":12},"end":{"line":24,"column":32}},"14":{"start":{"line":27,"column":22},"end":{"line":30,"column":9}},"15":{"start":{"line":29,"column":39},"end":{"line":29,"column":131}},"16":{"start":{"line":32,"column":23},"end":{"line":32,"column":74}},"17":{"start":{"line":32,"column":49},"end":{"line":32,"column":73}},"18":{"start":{"line":33,"column":8},"end":{"line":33,"column":45}},"19":{"start":{"line":35,"column":8},"end":{"line":35,"column":39}},"20":{"start":{"line":37,"column":8},"end":{"line":37,"column":54}},"21":{"start":{"line":38,"column":8},"end":{"line":38,"column":19}},"22":{"start":{"line":42,"column":0},"end":{"line":47,"column":1}},"23":{"start":{"line":43,"column":19},"end":{"line":45,"column":5}},"24":{"start":{"line":46,"column":4},"end":{"line":46,"column":25}},"25":{"start":{"line":50,"column":0},"end":{"line":54,"column":1}},"26":{"start":{"line":51,"column":4},"end":{"line":53,"column":5}}},"fnMap":{"0":{"name":"(anonymous_0)","decl":{"start":{"line":4,"column":23},"end":{"line":4,"column":24}},"loc":{"start":{"line":4,"column":37},"end":{"line":40,"column":1}},"line":4},"1":{"name":"(anonymous_1)","decl":{"start":{"line":29,"column":29},"end":{"line":29,"column":30}},"loc":{"start":{"line":29,"column":39},"end":{"line":29,"column":131}},"line":29},"2":{"name":"(anonymous_2)","decl":{"start":{"line":32,"column":39},"end":{"line":32,"column":40}},"loc":{"start":{"line":32,"column":49},"end":{"line":32,"column":73}},"line":32},"3":{"name":"(anonymous_3)","decl":{"start":{"line":42,"column":26},"end":{"line":42,"column":27}},"loc":{"start":{"line":42,"column":51},"end":{"line":47,"column":1}},"line":42},"4":{"name":"(anonymous_4)","decl":{"start":{"line":50,"column":32},"end":{"line":50,"column":33}},"loc":{"start":{"line":50,"column":53},"end":{"line":54,"column":1}},"line":50}},"branchMap":{},"s":{"0":5,"1":5,"2":5,"3":4,"4":4,"5":4,"6":4,"7":48,"8":48,"9":48,"10":48,"11":48,"12":48,"13":48,"14":4,"15":48,"16":4,"17":48,"18":4,"19":4,"20":0,"21":0,"22":5,"23":3,"24":3,"25":5,"26":1},"f":{"0":4,"1":48,"2":48,"3":3,"4":1},"b":{},"_coverageSchema":"1a1c01bbd47fc00a2c39e90264f33305004495a9","hash":"0a941a8bd46da50b56647fe20ebe3c96ace939dc"}
,"/home/brosselin/Intelli/FECAP/Projeto/backend-fecapay-main-TESTES/services/produtosService.js": {"path":"/home/brosselin/Intelli/FECAP/Projeto/backend-fecapay-main-TESTES/services/produtosService.js","statementMap":{"0":{"start":{"line":1,"column":19},"end":{"line":1,"column":41}},"1":{"start":{"line":3,"column":16},"end":{"line":3,"column":65}},"2":{"start":{"line":7,"column":0},"end":{"line":20,"column":1}},"3":{"start":{"line":8,"column":4},"end":{"line":19,"column":5}},"4":{"start":{"line":9,"column":8},"end":{"line":11,"column":9}},"5":{"start":{"line":10,"column":12},"end":{"line":10,"column":56}},"6":{"start":{"line":13,"column":22},"end":{"line":13,"column":46}},"7":{"start":{"line":14,"column":23},"end":{"line":14,"column":51}},"8":{"start":{"line":15,"column":8},"end":{"line":15,"column":26}},"9":{"start":{"line":17,"column":8},"end":{"line":17,"column":57}},"10":{"start":{"line":18,"column":8},"end":{"line":18,"column":61}}},"fnMap":{"0":{"name":"(anonymous_0)","decl":{"start":{"line":7,"column":22},"end":{"line":7,"column":23}},"loc":{"start":{"line":7,"column":37},"end":{"line":20,"column":1}},"line":7}},"branchMap":{"0":{"loc":{"start":{"line":9,"column":8},"end":{"line":11,"column":9}},"type":"if","locations":[{"start":{"line":9,"column":8},"end":{"line":11,"column":9}},{"start":{},"end":{}}],"line":9}},"s":{"0":5,"1":5,"2":5,"3":0,"4":0,"5":0,"6":0,"7":0,"8":0,"9":0,"10":0},"f":{"0":0},"b":{"0":[0,0]},"_coverageSchema":"1a1c01bbd47fc00a2c39e90264f33305004495a9","hash":"383d6e0a541d66600de3056de1826dca8cc5cd70"}
}
