TN:
SF:server.js
FN:22,(anonymous_0)
FNF:1
FNH:0
FNDA:0,(anonymous_0)
DA:1,5
DA:2,5
DA:3,5
DA:4,5
DA:5,5
DA:6,5
DA:7,5
DA:9,5
DA:10,5
DA:12,5
DA:13,5
DA:15,5
DA:18,5
DA:21,5
DA:22,0
DA:23,0
DA:26,0
LF:17
LH:14
BRDA:10,0,0,5
BRDA:10,0,1,0
BRDA:21,1,0,0
BRDA:21,1,1,5
BRF:4
BRH:2
end_of_record
TN:
SF:controllers/authController.js
FN:4,(anonymous_0)
FN:7,(anonymous_1)
FN:12,(anonymous_2)
FNF:3
FNH:3
FNDA:5,(anonymous_0)
FNDA:5,(anonymous_1)
FNDA:3,(anonymous_2)
DA:1,5
DA:2,5
DA:4,5
DA:5,5
DA:7,5
DA:8,5
DA:9,1
DA:11,4
DA:12,3
DA:13,3
DA:14,0
DA:17,3
DA:19,3
DA:20,2
DA:28,1
DA:32,1
LF:16
LH:15
BRDA:8,0,0,1
BRDA:8,0,1,4
BRDA:11,1,0,3
BRDA:11,1,1,1
BRDA:13,2,0,0
BRDA:13,2,1,3
BRDA:19,3,0,2
BRDA:19,3,1,1
BRF:8
BRH:7
end_of_record
TN:
SF:controllers/balanceController.js
FN:4,(anonymous_0)
FN:23,(anonymous_1)
FNF:2
FNH:2
FNDA:3,(anonymous_0)
FNDA:6,(anonymous_1)
DA:1,5
DA:2,5
DA:4,5
DA:5,3
DA:7,3
DA:8,3
DA:10,3
DA:11,1
DA:15,2
DA:18,0
DA:19,0
DA:23,5
DA:24,6
DA:25,6
DA:27,6
DA:28,3
DA:30,3
DA:31,3
DA:32,3
DA:33,1
DA:35,2
DA:37,2
DA:39,2
DA:41,0
DA:42,0
LF:25
LH:21
BRDA:10,0,0,1
BRDA:10,0,1,2
BRDA:27,1,0,3
BRDA:27,1,1,3
BRDA:27,2,0,6
BRDA:27,2,1,6
BRDA:27,2,2,5
BRDA:27,2,3,4
BRDA:32,3,0,1
BRDA:32,3,1,2
BRF:10
BRH:10
end_of_record
TN:
SF:controllers/boletosController.js
FN:5,(anonymous_0)
FN:24,(anonymous_1)
FNF:2
FNH:2
FNDA:3,(anonymous_0)
FNDA:3,(anonymous_1)
DA:1,5
DA:2,5
DA:3,5
DA:5,5
DA:6,3
DA:8,3
DA:9,3
DA:11,3
DA:12,1
DA:14,2
DA:17,0
DA:18,0
DA:24,5
DA:25,3
DA:27,3
DA:28,0
DA:31,3
DA:32,3
DA:33,3
DA:35,3
DA:36,0
DA:39,3
DA:40,1
DA:43,2
DA:44,1
DA:47,1
DA:49,1
DA:50,1
DA:52,1
DA:54,0
DA:55,0
LF:31
LH:25
BRDA:11,0,0,1
BRDA:11,0,1,2
BRDA:27,1,0,0
BRDA:27,1,1,3
BRDA:27,2,0,3
BRDA:27,2,1,3
BRDA:35,3,0,0
BRDA:35,3,1,3
BRDA:39,4,0,1
BRDA:39,4,1,2
BRDA:43,5,0,1
BRDA:43,5,1,1
BRF:12
BRH:10
end_of_record
TN:
SF:controllers/produtosController.js
FN:4,(anonymous_0)
FNF:1
FNH:0
FNDA:0,(anonymous_0)
DA:1,5
DA:2,5
DA:4,5
DA:5,0
DA:7,0
DA:8,0
DA:11,0
DA:12,0
DA:13,0
DA:14,0
DA:17,0
DA:20,0
DA:21,0
LF:13
LH:3
BRDA:7,0,0,0
BRDA:7,0,1,0
BRDA:13,1,0,0
BRDA:13,1,1,0
BRDA:13,2,0,0
BRDA:13,2,1,0
BRF:6
BRH:0
end_of_record
TN:
SF:controllers/userController.js
FN:9,(anonymous_0)
FN:38,(anonymous_1)
FN:42,(anonymous_2)
FN:46,(anonymous_3)
FN:52,(anonymous_4)
FN:63,(anonymous_5)
FN:65,(anonymous_6)
FN:74,(anonymous_7)
FN:77,(anonymous_8)
FN:90,(anonymous_9)
FN:93,(anonymous_10)
FNF:11
FNH:11
FNDA:5,(anonymous_0)
FNDA:3,(anonymous_1)
FNDA:3,(anonymous_2)
FNDA:2,(anonymous_3)
FNDA:1,(anonymous_4)
FNDA:1,(anonymous_5)
FNDA:1,(anonymous_6)
FNDA:2,(anonymous_7)
FNDA:2,(anonymous_8)
FNDA:2,(anonymous_9)
FNDA:2,(anonymous_10)
DA:1,5
DA:2,5
DA:3,5
DA:4,5
DA:7,5
DA:9,5
DA:10,5
DA:12,5
DA:13,5
DA:15,5
DA:16,2
DA:19,3
DA:21,3
DA:22,3
DA:24,3
DA:25,3
DA:27,0
DA:28,0
DA:31,3
DA:33,0
DA:34,0
DA:38,5
DA:39,3
DA:40,3
DA:42,3
DA:43,3
DA:44,1
DA:46,2
DA:47,2
DA:48,1
DA:51,1
DA:52,1
DA:53,1
DA:54,0
DA:56,1
DA:63,5
DA:64,1
DA:65,1
DA:66,1
DA:67,0
DA:68,0
DA:70,1
DA:74,5
DA:75,2
DA:77,2
DA:78,2
DA:79,0
DA:81,2
DA:82,1
DA:84,1
DA:90,5
DA:91,2
DA:93,2
DA:94,2
DA:95,0
DA:97,2
DA:98,1
DA:100,1
LF:58
LH:49
BRDA:15,0,0,2
BRDA:15,0,1,3
BRDA:43,1,0,1
BRDA:43,1,1,2
BRDA:43,2,0,3
BRDA:43,2,1,3
BRDA:47,3,0,1
BRDA:47,3,1,1
BRDA:53,4,0,0
BRDA:53,4,1,1
BRDA:66,5,0,0
BRDA:66,5,1,1
BRDA:78,6,0,0
BRDA:78,6,1,2
BRDA:81,7,0,1
BRDA:81,7,1,1
BRDA:94,8,0,0
BRDA:94,8,1,2
BRDA:97,9,0,1
BRDA:97,9,1,1
BRF:20
BRH:16
end_of_record
TN:
SF:db/db.js
FN:14,(anonymous_0)
FN:15,(anonymous_1)
FNF:2
FNH:1
FNDA:5,(anonymous_0)
FNDA:0,(anonymous_1)
DA:1,5
DA:2,5
DA:4,5
DA:13,5
DA:14,5
DA:15,0
DA:17,5
LF:7
LH:6
BRDA:9,0,0,5
BRDA:9,0,1,0
BRF:2
BRH:1
end_of_record
TN:
SF:models/Boletos.js
FN:2,(anonymous_0)
FN:11,(anonymous_1)
FN:16,(anonymous_2)
FNF:3
FNH:2
FNDA:48,(anonymous_0)
FNDA:0,(anonymous_1)
FNDA:48,(anonymous_2)
DA:3,48
DA:4,48
DA:5,48
DA:6,48
DA:7,48
DA:8,48
DA:12,0
DA:17,48
DA:28,5
LF:9
LH:8
BRF:0
BRH:0
end_of_record
TN:
SF:models/User.js
FN:2,(anonymous_0)
FN:10,(anonymous_1)
FN:13,(anonymous_2)
FN:16,(anonymous_3)
FN:19,(anonymous_4)
FN:22,(anonymous_5)
FN:26,(anonymous_6)
FN:32,(anonymous_7)
FNF:8
FNH:3
FNDA:3,(anonymous_0)
FNDA:0,(anonymous_1)
FNDA:0,(anonymous_2)
FNDA:0,(anonymous_3)
FNDA:0,(anonymous_4)
FNDA:0,(anonymous_5)
FNDA:3,(anonymous_6)
FNDA:3,(anonymous_7)
DA:3,3
DA:4,3
DA:5,3
DA:6,3
DA:7,3
DA:11,0
DA:14,0
DA:17,0
DA:20,0
DA:23,0
DA:27,3
DA:33,3
DA:47,5
LF:13
LH:8
BRF:0
BRH:0
end_of_record
TN:
SF:routes/balanceRoutes.js
FNF:0
FNH:0
DA:1,5
DA:2,5
DA:4,5
DA:6,5
DA:7,5
DA:9,5
LF:6
LH:6
BRF:0
BRH:0
end_of_record
TN:
SF:routes/boletosRoutes.js
FNF:0
FNH:0
DA:1,5
DA:2,5
DA:4,5
DA:6,5
DA:8,5
DA:10,5
LF:6
LH:6
BRF:0
BRH:0
end_of_record
TN:
SF:routes/produtosRoutes.js
FNF:0
FNH:0
DA:1,5
DA:2,5
DA:4,5
DA:6,5
DA:9,5
LF:5
LH:5
BRF:0
BRH:0
end_of_record
TN:
SF:routes/userRoutes.js
FNF:0
FNH:0
DA:1,5
DA:2,5
DA:3,5
DA:4,5
DA:6,5
DA:7,5
DA:9,5
DA:12,5
DA:13,5
DA:15,5
DA:17,5
LF:11
LH:11
BRF:0
BRH:0
end_of_record
TN:
SF:services/UserService.js
FN:3,(anonymous_0)
FN:10,(anonymous_1)
FNF:2
FNH:2
FNDA:6,(anonymous_0)
FNDA:3,(anonymous_1)
DA:1,5
DA:3,5
DA:4,6
DA:7,6
DA:10,5
DA:11,3
LF:6
LH:6
BRF:0
BRH:0
end_of_record
TN:
SF:services/boletoService.js
FN:4,(anonymous_0)
FN:29,(anonymous_1)
FN:32,(anonymous_2)
FN:42,(anonymous_3)
FN:50,(anonymous_4)
FNF:5
FNH:5
FNDA:4,(anonymous_0)
FNDA:48,(anonymous_1)
FNDA:48,(anonymous_2)
FNDA:3,(anonymous_3)
FNDA:1,(anonymous_4)
DA:1,5
DA:2,5
DA:4,5
DA:5,4
DA:6,4
DA:9,4
DA:10,48
DA:11,48
DA:12,48
DA:13,48
DA:14,48
DA:16,48
DA:24,48
DA:27,4
DA:29,48
DA:32,48
DA:33,4
DA:35,4
DA:37,0
DA:38,0
DA:42,5
DA:43,3
DA:46,3
DA:50,5
DA:51,1
LF:25
LH:23
BRF:0
BRH:0
end_of_record
TN:
SF:services/produtosService.js
FN:7,(anonymous_0)
FNF:1
FNH:0
FNDA:0,(anonymous_0)
DA:1,5
DA:3,5
DA:7,5
DA:8,0
DA:9,0
DA:10,0
DA:13,0
DA:14,0
DA:15,0
DA:17,0
DA:18,0
LF:11
LH:3
BRDA:9,0,0,0
BRDA:9,0,1,0
BRF:2
BRH:0
end_of_record
